\BOOKMARK [0][-]{chapter.1}{Potencial el\351ctrico }{}% 1
\BOOKMARK [1][-]{section.1.1}{Energ\355a potencial el\351ctrica}{chapter.1}% 2
\BOOKMARK [2][-]{subsection.1.1.1}{Energ\355a potencial el\351ctrica de un campo uniforme}{section.1.1}% 3
\BOOKMARK [2][-]{subsection.1.1.2}{Energ\355a potencial entre dos cargas puntuales}{section.1.1}% 4
\BOOKMARK [2][-]{subsection.1.1.3}{Energ\355a potencial el\351ctrica con varias cargas putuales}{section.1.1}% 5
\BOOKMARK [1][-]{section.1.2}{Potencial el\351ctrico}{chapter.1}% 6
\BOOKMARK [2][-]{subsection.1.2.1}{C\341lculo del potencial el\351ctrico}{section.1.2}% 7
\BOOKMARK [2][-]{subsection.1.2.2}{Obtenci\363n del potencial el\351ctrico a partir del campo el\351ctrico}{section.1.2}% 8
\BOOKMARK [1][-]{section.1.3}{C\341lculo del potencial el\351ctrico}{chapter.1}% 9
\BOOKMARK [1][-]{section.1.4}{Superficies equipotenciales}{chapter.1}% 10
\BOOKMARK [2][-]{subsection.1.4.1}{Superficies equipotenciales y l\355neas de campo}{section.1.4}% 11
\BOOKMARK [2][-]{subsection.1.4.2}{Equipotenciales y conductores}{section.1.4}% 12
\BOOKMARK [1][-]{section.1.5}{Gradiente de potencial}{chapter.1}% 13
\BOOKMARK [0][-]{chapter.2}{Capacitancia y diel\351ctricos}{}% 14
\BOOKMARK [1][-]{section.2.1}{Capacitores y capacitancia}{chapter.2}% 15
\BOOKMARK [2][-]{subsection.2.1.1}{C\341lculo de capacitancia: capacitores con vac\355o}{section.2.1}% 16
\BOOKMARK [1][-]{section.2.2}{Capacitores en serie y en paralelo}{chapter.2}% 17
\BOOKMARK [2][-]{subsection.2.2.1}{Capacitores en serie}{section.2.2}% 18
\BOOKMARK [2][-]{subsection.2.2.2}{Capacitores en paralelo}{section.2.2}% 19
\BOOKMARK [1][-]{section.2.3}{Almacenamiento de energ\355a en capacitores y energ\355a de campo el\351ctrico}{chapter.2}% 20
\BOOKMARK [2][-]{subsection.2.3.1}{Energ\355a del campo el\351ctrico}{section.2.3}% 21
\BOOKMARK [0][-]{chapter.3}{Corriente resistencia y fuerza electromotriz}{}% 22
\BOOKMARK [1][-]{section.3.1}{Corriente el\351ctrica}{chapter.3}% 23
\BOOKMARK [2][-]{subsection.3.1.1}{Direcci\363n del flujo de corriente}{section.3.1}% 24
\BOOKMARK [2][-]{subsection.3.1.2}{Corriente, velocidad de deriva y densidad de corriente}{section.3.1}% 25
\BOOKMARK [1][-]{section.3.2}{Resistividad}{chapter.3}% 26
\BOOKMARK [1][-]{section.3.3}{Resistencia}{chapter.3}% 27
\BOOKMARK [1][-]{section.3.4}{Fuerza electromotriz y circuitos}{chapter.3}% 28
\BOOKMARK [2][-]{subsection.3.4.1}{Fuerza electromotriz}{section.3.4}% 29
\BOOKMARK [1][-]{section.3.5}{Energ\355a y potencia en circuitos el\351ctricos}{chapter.3}% 30
\BOOKMARK [2][-]{subsection.3.5.1}{Potencia de una resistencia pura}{section.3.5}% 31
\BOOKMARK [0][-]{chapter.4}{Circuitos de corriente directa}{}% 32
\BOOKMARK [1][-]{section.4.1}{Resistores en serie y en paralelo}{chapter.4}% 33
\BOOKMARK [2][-]{subsection.4.1.1}{Resistores en serie}{section.4.1}% 34
\BOOKMARK [2][-]{subsection.4.1.2}{Resistores en paralelo}{section.4.1}% 35
\BOOKMARK [1][-]{section.4.2}{Reglas de Kirchhoff}{chapter.4}% 36
\BOOKMARK [1][-]{section.4.3}{Circuitos R-C}{chapter.4}% 37
\BOOKMARK [2][-]{subsection.4.3.1}{Carga de un capacitor}{section.4.3}% 38
\BOOKMARK [2][-]{subsection.4.3.2}{Descarga de un capacitor}{section.4.3}% 39
\BOOKMARK [0][-]{chapter.5}{Fuentes de campo magn\351tico}{}% 40
\BOOKMARK [1][-]{section.5.1}{Campo de una carga en movimiento}{chapter.5}% 41
\BOOKMARK [1][-]{section.5.2}{Campo magn\351tico de un elemento de corriente}{chapter.5}% 42
\BOOKMARK [1][-]{section.5.3}{Campo magn\351tico de un conductor que transporta corriente}{chapter.5}% 43
\BOOKMARK [1][-]{section.5.4}{Fuerza entre alambres paralelos}{chapter.5}% 44
\BOOKMARK [1][-]{section.5.5}{Campo magn\351tico de una espira circular de corriente}{chapter.5}% 45
\BOOKMARK [2][-]{subsection.5.5.1}{Campo magn\351tico sobre el eje de una bobina}{section.5.5}% 46
\BOOKMARK [1][-]{section.5.6}{Ley de Ampere}{chapter.5}% 47
\BOOKMARK [2][-]{subsection.5.6.1}{Campo de un soleoide}{section.5.6}% 48
\BOOKMARK [2][-]{subsection.5.6.2}{Campo de un solenoide toroidal\(toroide\)}{section.5.6}% 49
\BOOKMARK [0][-]{chapter.6}{Inducci\363n electromagn\351tica}{}% 50
\BOOKMARK [1][-]{section.6.1}{Ley de Faraday}{chapter.6}% 51
\BOOKMARK [1][-]{section.6.2}{Fuerza electromotriz de movimiento}{chapter.6}% 52
\BOOKMARK [2][-]{subsection.6.2.1}{Fem de movimiento: Forma general}{section.6.2}% 53
\BOOKMARK [1][-]{section.6.3}{Campo el\351ctricos inducidos}{chapter.6}% 54
\BOOKMARK [1][-]{section.6.4}{Corriente de desplazamiento y ecuaciones de Maxwell}{chapter.6}% 55
\BOOKMARK [2][-]{subsection.6.4.1}{Ecuaciones de Maxwell del electromagnetismo}{section.6.4}% 56
\BOOKMARK [2][-]{subsection.6.4.2}{Simetr\355a en las ecuaciones de Maxwell}{section.6.4}% 57
\BOOKMARK [0][-]{chapter.7}{Inductancia}{}% 58
\BOOKMARK [1][-]{section.7.1}{Inductancia mutua}{chapter.7}% 59
\BOOKMARK [1][-]{section.7.2}{Autoinductancia a inductores}{chapter.7}% 60
\BOOKMARK [2][-]{subsection.7.2.1}{Los inductores como elementos de un circuito}{section.7.2}% 61
\BOOKMARK [1][-]{section.7.3}{Energ\355a del campo magn\351tico}{chapter.7}% 62
\BOOKMARK [2][-]{subsection.7.3.1}{Energ\355a almacenada en un inductor}{section.7.3}% 63
\BOOKMARK [2][-]{subsection.7.3.2}{Densidad de la energ\355a magn\351tica}{section.7.3}% 64
\BOOKMARK [1][-]{section.7.4}{El circuito R-L}{chapter.7}% 65
\BOOKMARK [2][-]{subsection.7.4.1}{Crecimiento de la corriente en un circuito R-L}{section.7.4}% 66
\BOOKMARK [2][-]{subsection.7.4.2}{Decaimiento de la corriente en un circuito R-L}{section.7.4}% 67
\BOOKMARK [1][-]{section.7.5}{El circuito L-C}{chapter.7}% 68
\BOOKMARK [2][-]{subsection.7.5.1}{Oscilaciones el\351ctricas en un circuito L-C}{section.7.5}% 69
\BOOKMARK [1][-]{section.7.6}{El circuito L-R-C en serie}{chapter.7}% 70
\BOOKMARK [2][-]{subsection.7.6.1}{An\341lisis del circuito L-R-C}{section.7.6}% 71
\BOOKMARK [0][-]{chapter.8}{Ondas electromagn\351ticas}{}% 72
\BOOKMARK [1][-]{section.8.1}{Ecuaciones de Maxwell y ondas electromagn\351ticas}{chapter.8}% 73
\BOOKMARK [2][-]{subsection.8.1.1}{Electricidad, magnetismo y luz}{section.8.1}% 74
\BOOKMARK [2][-]{subsection.8.1.2}{Generaci\363n de la radiaci\363n electromagn\351tica}{section.8.1}% 75
\BOOKMARK [2][-]{subsection.8.1.3}{El espectro electromagn\351tico}{section.8.1}% 76
\BOOKMARK [1][-]{section.8.2}{Ondas electromagn\351ticas planas y rapidez de la luz}{chapter.8}% 77
\BOOKMARK [2][-]{subsection.8.2.1}{Una onda electromagn\351tica plana simple}{section.8.2}% 78
\BOOKMARK [2][-]{subsection.8.2.2}{Propiedades clave de las ondas electromagn\351ticas}{section.8.2}% 79
\BOOKMARK [1][-]{section.8.3}{Ondas electromagn\351ticas sinusoidales}{chapter.8}% 80
\BOOKMARK [2][-]{subsection.8.3.1}{Campos de una onda sinusoidal}{section.8.3}% 81
\BOOKMARK [1][-]{section.8.4}{Energ\355a y cantidad de movimiento de las ondas electromagn\351ticas}{chapter.8}% 82
\BOOKMARK [2][-]{subsection.8.4.1}{Flujo de energ\355a electromagn\351tica y el vector de Poynting}{section.8.4}% 83
\BOOKMARK [0][-]{appendix.Alph1}{Ondas peri\363dicas}{}% 84
\BOOKMARK [1][-]{section.Alph1.1}{Ondas transversales peri\363dicas}{appendix.Alph1}% 85
\BOOKMARK [1][-]{section.Alph1.2}{Descripci\363n matem\341tica de una onda}{appendix.Alph1}% 86
\BOOKMARK [2][-]{subsection.Alph1.2.1}{Funci\363n de onda de una onda senoidal}{section.Alph1.2}% 87
\BOOKMARK [2][-]{subsection.Alph1.2.2}{M\341s acerca de la funci\363n de onda}{section.Alph1.2}% 88
\BOOKMARK [2][-]{subsection.Alph1.2.3}{Velocidad y aceleraci\363n de part\355culas en una onda senoidal}{section.Alph1.2}% 89
